00:00:00.001734 main     VirtualBox XPCOM Server 7.0.10 r158379 linux.amd64 (Aug 11 2023 12:19:51) release log
00:00:00.001738 main     Log opened 2023-08-24T01:59:59.175574000Z
00:00:00.001739 main     Build Type: release
00:00:00.001743 main     OS Product: Linux
00:00:00.001746 main     OS Release: 6.4.11-arch1-1
00:00:00.001749 main     OS Version: #1 SMP PREEMPT_DYNAMIC Wed, 16 Aug 2023 22:44:10 +0000
00:00:00.001800 main     DMI Product Name: System Product Name
00:00:00.001820 main     DMI Product Version: System Version
00:00:00.001828 main     Firmware type: UEFI
00:00:00.003104 main     Secure Boot: Disabled
00:00:00.003183 main     Host RAM: 15840MB (15.4GB) total, 8748MB (8.5GB) available
00:00:00.003189 main     Executable: /usr/lib/virtualbox/VBoxSVC
00:00:00.003190 main     Process ID: 672353
00:00:00.003191 main     Package type: LINUX_64BITS_GENERIC (OSE)
00:00:00.007517 main     IPC socket path: /tmp/.vbox-rw-ipc/ipcd
00:00:00.125358 nspr-2   VirtualBox: object creation starts
00:00:00.128784 nspr-2   Home directory: '/home/rw/.config/VirtualBox'
00:00:00.157262 nspr-2   HostDnsMonitor: initializing
00:00:00.157541 nspr-2   NAT: resolv.conf: nameserver 127.0.0.53
00:00:00.157549 nspr-2   NAT: resolv.conf: ignoring "options edns0 trust-ad"
00:00:00.157560 nspr-2   HostDnsMonitor: updating information
00:00:00.157569 nspr-2   HostDnsMonitor: old information
00:00:00.157571 nspr-2     no server entries
00:00:00.157573 nspr-2     no domain set
00:00:00.157575 nspr-2     no search string entries
00:00:00.157577 nspr-2   HostDnsMonitor: new information
00:00:00.157579 nspr-2     server 1: 127.0.0.53
00:00:00.157582 nspr-2     domain: .
00:00:00.157584 nspr-2     search string 1: .
00:00:00.164651 nspr-2   VD: VDInit finished with VINF_SUCCESS
00:00:00.165548 nspr-2   ERROR [COM]: aRC=NS_ERROR_FAILURE (0x80004005) aIID={aac6c7cb-a371-4c58-ab51-0616896b2f2c} aComponent={SystemPropertiesWrap} aText={Cannot determine default Guest Additions ISO location. Most likely they are not available}, preserve=false aResultDetail=0
00:00:00.169519 nspr-2   VirtualBox: object created
00:00:01.036228 nspr-3   Saving settings file "/home/rw/.config/VirtualBox/VirtualBox.xml" with version "1.12-linux"
00:00:01.041242 nspr-3   Finished saving settings file "/home/rw/.config/VirtualBox/VirtualBox.xml"
00:00:01.090139 nspr-2   Saving settings file "/home/rw/.config/VirtualBox/VirtualBox.xml" with version "1.12-linux"
00:00:01.094825 nspr-2   Finished saving settings file "/home/rw/.config/VirtualBox/VirtualBox.xml"
00:00:01.153565 nspr-2   WARNING [COM]: aRC=NS_ERROR_FAILURE (0x80004005) aIID={e54f6256-97a7-4947-8a78-10c013ddf4b8} aComponent={HostWrap} aText={VirtualBox is not currently allowed to access USB devices.  You can change this by adding your user to the 'vboxusers' group.  Please see the user manual for a more detailed explanation}, preserve=false aResultDetail=0
00:00:01.753417 nspr-3   Saving settings file "/home/rw/.config/VirtualBox/VirtualBox.xml" with version "1.12-linux"
00:00:01.760262 nspr-3   Finished saving settings file "/home/rw/.config/VirtualBox/VirtualBox.xml"
00:00:15.310034 main     VirtualBox: object deletion starts
00:00:15.311037 main     HostDnsMonitor: shutting down ...
00:00:15.311514 main     HostDnsMonitor: shut down
00:00:15.323109 Watcher  ERROR [COM]: aRC=E_ACCESSDENIED (0x80070005) aIID={7682d5eb-f00e-44f1-8ca2-99d08b1cd607} aComponent={VirtualBoxWrap} aText={The object is not ready}, preserve=false aResultDetail=0
00:00:15.323356 main     VirtualBox: object deleted
